06/25/2019 17:54:25 : INFO -----------------------Execution started--------------------
06/25/2019 17:54:25 : INFO ----Config.ps1 Processing started----
06/25/2019 17:54:25 : INFO Reading variables from Config.ps1
06/25/2019 17:54:25 : INFO Config.ps1 included
06/25/2019 17:54:31 : INFO xml created as below:
<A1 xsi:noNamespaceSchemaLocation="A1DCASchema.xsd" xmlns:xsi="http://www.w3.org/2001/XMLSchema-instance">
<A1Request id="248c75ad-2c99-4773-bbef-8af9e31439c7" version="1.0" mode="MONITOR">
<Data>
<ComponentInstance name="CRMNext_FreeSpace_121" component="Windows_MountPoint_Monitoring" enterprise="HDFC" >
<KPIs>
<KPI name="D" value="8.46"/>
<KPI name="Time" value="2019-06-25 12:24:31"/>
</KPIs>
</ComponentInstance>
<ComponentInstance name="CRMNext_FreeSpace_121" component="Windows_MountPoint_Monitoring" enterprise="HDFC" >
<KPIs>
<KPI name="S" value="77.40"/>
<KPI name="Time" value="2019-06-25 12:24:31"/>
</KPIs>
</ComponentInstance>
<ComponentInstance name="CRMNext_FreeSpace_121" component="Windows_MountPoint_Monitoring" enterprise="HDFC" >
<KPIs>
<KPI name="WINRE_DRV" value="68.14"/>
<KPI name="Time" value="2019-06-25 12:24:31"/>
</KPIs>
</ComponentInstance>
<ComponentInstance name="CRMNext_FreeSpace_121" component="Windows_MountPoint_Monitoring" enterprise="HDFC" >
<KPIs>
<KPI name="C" value="12.85"/>
<KPI name="Time" value="2019-06-25 12:24:31"/>
</KPIs>
</ComponentInstance>
<ComponentInstance name="CRMNext_FreeSpace_121" component="Windows_MountPoint_Monitoring" enterprise="HDFC" >
<KPIs>
<KPI name="F" value="97.13"/>
<KPI name="Time" value="2019-06-25 12:24:31"/>
</KPIs>
</ComponentInstance>
<ComponentInstance name="CRMNext_FreeSpace_121" component="Windows_MountPoint_Monitoring" enterprise="HDFC" >
<KPIs>
<KPI name="PBR_DRV" value="23.09"/>
<KPI name="Time" value="2019-06-25 12:24:31"/>
</KPIs>
</ComponentInstance>
</Data>
</A1Request>
</A1>
06/25/2019 17:54:31 : INFO Trying to send data to appsone
06/25/2019 17:54:41 : INFO Exception Message: Exception calling "GetRequestStream" with "0" argument(s): "The operation has timed out"
06/25/2019 17:54:41 : INFO Processing finished
06/25/2019 17:54:41 : INFO Purge days : 1
06/25/2019 17:54:41 : INFO Clearing log files and folders older than 1 days
06/25/2019 17:54:41 : INFO ---------------------Execution finished-------------------
